{"level":"info","message":"Server is running on port 4200","timestamp":"2025-11-11T14:24:49.810Z"}
{"level":"info","message":"Server is running on port 4200","timestamp":"2025-11-11T14:39:02.082Z"}
{"level":"info","message":"Server is running on port 4200","timestamp":"2025-11-11T14:39:29.932Z"}
{"level":"info","message":"[F1 API] Fetching data from path: current/drivers","timestamp":"2025-11-11T14:41:36.239Z"}
{"level":"info","message":"[F1 API] request -> https://f1api.dev/api/current/drivers","timestamp":"2025-11-11T14:41:36.241Z"}
{"level":"info","message":"[F1 API] Fetching data from path: current/teams","timestamp":"2025-11-11T14:41:36.363Z"}
{"level":"info","message":"[F1 API] request -> https://f1api.dev/api/current/teams","timestamp":"2025-11-11T14:41:36.364Z"}
{"level":"info","message":"[F1 API] Fetching data from path: current/drivers","timestamp":"2025-11-11T14:42:57.645Z"}
{"level":"info","message":"[F1 API] request -> https://f1api.dev/api/current/drivers","timestamp":"2025-11-11T14:42:57.648Z"}
{"level":"info","message":"[F1 API] Fetching data from path: current/teams","timestamp":"2025-11-11T14:42:57.664Z"}
{"level":"info","message":"[F1 API] request -> https://f1api.dev/api/current/teams","timestamp":"2025-11-11T14:42:57.665Z"}
{"level":"info","message":"Server is running on port 4200","timestamp":"2025-11-11T14:44:03.954Z"}
{"level":"info","message":"[F1 API] Fetching data from path: current/drivers","timestamp":"2025-11-11T14:44:06.886Z"}
{"level":"info","message":"[F1 API] request -> https://f1api.dev/api/current/drivers","timestamp":"2025-11-11T14:44:06.894Z"}
{"level":"info","message":"[F1 API] Fetching data from path: current/teams","timestamp":"2025-11-11T14:44:07.131Z"}
{"level":"info","message":"[F1 API] request -> https://f1api.dev/api/current/teams","timestamp":"2025-11-11T14:44:07.133Z"}
{"level":"info","message":"Server is running on port 4200","timestamp":"2025-11-11T14:52:18.724Z"}
{"level":"info","message":"Shutting down...","timestamp":"2025-11-11T14:53:59.896Z"}
{"level":"info","message":"Server is running on port 4200","timestamp":"2025-11-11T14:54:02.423Z"}
{"level":"info","message":"Server is running on port 4200","timestamp":"2025-11-11T14:55:23.391Z"}
{"level":"info","message":"Server is running on port 4200","timestamp":"2025-11-11T15:23:05.623Z"}
{"level":"info","message":"[F1 API] Fetching data from path: current/drivers","timestamp":"2025-11-11T15:33:11.424Z"}
{"level":"info","message":"[F1 API] request -> https://f1api.dev/api/current/drivers","timestamp":"2025-11-11T15:33:11.426Z"}
{"level":"info","message":"[F1 API] Fetching data from path: current/teams","timestamp":"2025-11-11T15:33:11.484Z"}
{"level":"info","message":"[F1 API] request -> https://f1api.dev/api/current/teams","timestamp":"2025-11-11T15:33:11.484Z"}
{"level":"info","message":"[F1 API] Fetching data from path: current/teams","timestamp":"2025-11-11T15:33:33.937Z"}
{"level":"info","message":"[F1 API] request -> https://f1api.dev/api/current/teams","timestamp":"2025-11-11T15:33:33.938Z"}
{"level":"info","message":"[F1 API] Fetching data from path: current/drivers","timestamp":"2025-11-11T15:33:33.943Z"}
{"level":"info","message":"[F1 API] request -> https://f1api.dev/api/current/drivers","timestamp":"2025-11-11T15:33:33.944Z"}
{"level":"info","message":"[F1 API] Fetching data from path: current/drivers","timestamp":"2025-11-11T15:33:39.641Z"}
{"level":"info","message":"[F1 API] request -> https://f1api.dev/api/current/drivers","timestamp":"2025-11-11T15:33:39.642Z"}
{"level":"info","message":"[F1 API] Fetching data from path: current/teams","timestamp":"2025-11-11T15:33:39.650Z"}
{"level":"info","message":"[F1 API] request -> https://f1api.dev/api/current/teams","timestamp":"2025-11-11T15:33:39.652Z"}
{"level":"info","message":"[F1 API] Fetching data from path: current/drivers","timestamp":"2025-11-11T15:34:16.267Z"}
{"level":"info","message":"[F1 API] request -> https://f1api.dev/api/current/drivers","timestamp":"2025-11-11T15:34:16.270Z"}
{"level":"info","message":"[F1 API] Fetching data from path: current/teams","timestamp":"2025-11-11T15:34:16.290Z"}
{"level":"info","message":"[F1 API] request -> https://f1api.dev/api/current/teams","timestamp":"2025-11-11T15:34:16.296Z"}
{"level":"info","message":"[F1 API] Fetching data from path: current/drivers","timestamp":"2025-11-11T15:34:48.044Z"}
{"level":"info","message":"[F1 API] request -> https://f1api.dev/api/current/drivers","timestamp":"2025-11-11T15:34:48.044Z"}
{"level":"info","message":"[F1 API] Fetching data from path: current/teams","timestamp":"2025-11-11T15:34:48.057Z"}
{"level":"info","message":"[F1 API] request -> https://f1api.dev/api/current/teams","timestamp":"2025-11-11T15:34:48.057Z"}
{"level":"info","message":"[F1 API] Fetching data from path: current/drivers","timestamp":"2025-11-11T15:35:13.569Z"}
{"level":"info","message":"[F1 API] request -> https://f1api.dev/api/current/drivers","timestamp":"2025-11-11T15:35:13.572Z"}
{"level":"info","message":"[F1 API] Fetching data from path: current/teams","timestamp":"2025-11-11T15:35:13.579Z"}
{"level":"info","message":"[F1 API] request -> https://f1api.dev/api/current/teams","timestamp":"2025-11-11T15:35:13.581Z"}
{"level":"info","message":"[F1 API] Fetching data from path: current/teams","timestamp":"2025-11-11T15:35:17.680Z"}
{"level":"info","message":"[F1 API] request -> https://f1api.dev/api/current/teams","timestamp":"2025-11-11T15:35:17.680Z"}
{"level":"info","message":"[F1 API] Fetching data from path: current/drivers","timestamp":"2025-11-11T15:35:17.682Z"}
{"level":"info","message":"[F1 API] request -> https://f1api.dev/api/current/drivers","timestamp":"2025-11-11T15:35:17.682Z"}
{"level":"info","message":"[F1 API] Fetching data from path: current/drivers","timestamp":"2025-11-11T15:35:24.438Z"}
{"level":"info","message":"[F1 API] request -> https://f1api.dev/api/current/drivers","timestamp":"2025-11-11T15:35:24.446Z"}
{"level":"info","message":"[F1 API] Fetching data from path: current/teams","timestamp":"2025-11-11T15:35:24.455Z"}
{"level":"info","message":"[F1 API] request -> https://f1api.dev/api/current/teams","timestamp":"2025-11-11T15:35:24.458Z"}
{"level":"info","message":"[F1 API] Fetching data from path: current/teams","timestamp":"2025-11-11T15:35:31.943Z"}
{"level":"info","message":"[F1 API] request -> https://f1api.dev/api/current/teams","timestamp":"2025-11-11T15:35:31.943Z"}
{"level":"info","message":"[F1 API] Fetching data from path: current/drivers","timestamp":"2025-11-11T15:35:31.945Z"}
{"level":"info","message":"[F1 API] request -> https://f1api.dev/api/current/drivers","timestamp":"2025-11-11T15:35:31.945Z"}
{"level":"info","message":"[F1 API] Fetching data from path: current/drivers","timestamp":"2025-11-11T15:35:48.920Z"}
{"level":"info","message":"[F1 API] request -> https://f1api.dev/api/current/drivers","timestamp":"2025-11-11T15:35:48.921Z"}
{"level":"info","message":"[F1 API] Fetching data from path: current/teams","timestamp":"2025-11-11T15:35:48.923Z"}
{"level":"info","message":"[F1 API] request -> https://f1api.dev/api/current/teams","timestamp":"2025-11-11T15:35:48.923Z"}
{"level":"info","message":"[F1 API] Fetching data from path: current/drivers","timestamp":"2025-11-11T15:35:51.719Z"}
{"level":"info","message":"[F1 API] request -> https://f1api.dev/api/current/drivers","timestamp":"2025-11-11T15:35:51.721Z"}
{"level":"info","message":"[F1 API] Fetching data from path: current/teams","timestamp":"2025-11-11T15:35:51.725Z"}
{"level":"info","message":"[F1 API] request -> https://f1api.dev/api/current/teams","timestamp":"2025-11-11T15:35:51.725Z"}
{"level":"info","message":"[F1 API] Fetching data from path: current/drivers","timestamp":"2025-11-11T15:35:56.950Z"}
{"level":"info","message":"[F1 API] request -> https://f1api.dev/api/current/drivers","timestamp":"2025-11-11T15:35:56.950Z"}
{"level":"info","message":"[F1 API] Fetching data from path: current/teams","timestamp":"2025-11-11T15:35:56.951Z"}
{"level":"info","message":"[F1 API] request -> https://f1api.dev/api/current/teams","timestamp":"2025-11-11T15:35:56.952Z"}
{"level":"info","message":"[F1 API] Fetching data from path: current/drivers","timestamp":"2025-11-11T15:40:22.333Z"}
{"level":"info","message":"[F1 API] request -> https://f1api.dev/api/current/drivers","timestamp":"2025-11-11T15:40:22.333Z"}
{"level":"info","message":"[F1 API] Fetching data from path: current/teams","timestamp":"2025-11-11T15:40:22.335Z"}
{"level":"info","message":"[F1 API] request -> https://f1api.dev/api/current/teams","timestamp":"2025-11-11T15:40:22.336Z"}
{"level":"info","message":"[F1 API] Fetching data from path: current/drivers","timestamp":"2025-11-11T15:40:24.371Z"}
{"level":"info","message":"[F1 API] request -> https://f1api.dev/api/current/drivers","timestamp":"2025-11-11T15:40:24.372Z"}
{"level":"info","message":"[F1 API] Fetching data from path: current/teams","timestamp":"2025-11-11T15:40:24.373Z"}
{"level":"info","message":"[F1 API] request -> https://f1api.dev/api/current/teams","timestamp":"2025-11-11T15:40:24.373Z"}
{"level":"info","message":"[F1 API] Fetching data from path: current/teams","timestamp":"2025-11-11T15:42:04.631Z"}
{"level":"info","message":"[F1 API] request -> https://f1api.dev/api/current/teams","timestamp":"2025-11-11T15:42:04.642Z"}
{"level":"info","message":"[F1 API] Fetching data from path: current/drivers","timestamp":"2025-11-11T15:42:04.648Z"}
{"level":"info","message":"[F1 API] request -> https://f1api.dev/api/current/drivers","timestamp":"2025-11-11T15:42:04.648Z"}
{"level":"info","message":"[F1 API] Fetching data from path: current/drivers","timestamp":"2025-11-11T15:42:27.948Z"}
{"level":"info","message":"[F1 API] request -> https://f1api.dev/api/current/drivers","timestamp":"2025-11-11T15:42:27.950Z"}
{"level":"info","message":"[F1 API] Fetching data from path: current/teams","timestamp":"2025-11-11T15:42:27.953Z"}
{"level":"info","message":"[F1 API] request -> https://f1api.dev/api/current/teams","timestamp":"2025-11-11T15:42:27.953Z"}
{"level":"info","message":"[F1 API] Fetching data from path: current/drivers","timestamp":"2025-11-11T15:42:41.856Z"}
{"level":"info","message":"[F1 API] request -> https://f1api.dev/api/current/drivers","timestamp":"2025-11-11T15:42:41.856Z"}
{"level":"info","message":"[F1 API] Fetching data from path: current/teams","timestamp":"2025-11-11T15:42:41.861Z"}
{"level":"info","message":"[F1 API] request -> https://f1api.dev/api/current/teams","timestamp":"2025-11-11T15:42:41.863Z"}
{"level":"info","message":"[F1 API] Fetching data from path: current/teams","timestamp":"2025-11-11T15:44:43.548Z"}
{"level":"info","message":"[F1 API] request -> https://f1api.dev/api/current/teams","timestamp":"2025-11-11T15:44:43.549Z"}
{"level":"info","message":"[F1 API] Fetching data from path: current/drivers","timestamp":"2025-11-11T15:44:43.552Z"}
{"level":"info","message":"[F1 API] request -> https://f1api.dev/api/current/drivers","timestamp":"2025-11-11T15:44:43.553Z"}
{"level":"info","message":"[F1 API] Fetching data from path: current/drivers","timestamp":"2025-11-11T15:44:46.728Z"}
{"level":"info","message":"[F1 API] request -> https://f1api.dev/api/current/drivers","timestamp":"2025-11-11T15:44:46.729Z"}
{"level":"info","message":"[F1 API] Fetching data from path: current/teams","timestamp":"2025-11-11T15:44:46.738Z"}
{"level":"info","message":"[F1 API] request -> https://f1api.dev/api/current/teams","timestamp":"2025-11-11T15:44:46.738Z"}
{"level":"info","message":"[F1 API] Fetching data from path: current/drivers","timestamp":"2025-11-11T15:45:25.026Z"}
{"level":"info","message":"[F1 API] request -> https://f1api.dev/api/current/drivers","timestamp":"2025-11-11T15:45:25.026Z"}
{"level":"info","message":"[F1 API] Fetching data from path: current/teams","timestamp":"2025-11-11T15:45:25.029Z"}
{"level":"info","message":"[F1 API] request -> https://f1api.dev/api/current/teams","timestamp":"2025-11-11T15:45:25.031Z"}
{"level":"info","message":"[F1 API] Fetching data from path: current/drivers","timestamp":"2025-11-11T15:46:36.127Z"}
{"level":"info","message":"[F1 API] request -> https://f1api.dev/api/current/drivers","timestamp":"2025-11-11T15:46:36.130Z"}
{"level":"info","message":"[F1 API] Fetching data from path: current/teams","timestamp":"2025-11-11T15:46:36.138Z"}
{"level":"info","message":"[F1 API] request -> https://f1api.dev/api/current/teams","timestamp":"2025-11-11T15:46:36.141Z"}
{"level":"info","message":"[F1 API] Fetching data from path: current/drivers","timestamp":"2025-11-11T15:46:47.061Z"}
{"level":"info","message":"[F1 API] request -> https://f1api.dev/api/current/drivers","timestamp":"2025-11-11T15:46:47.062Z"}
{"level":"info","message":"[F1 API] Fetching data from path: current/teams","timestamp":"2025-11-11T15:46:47.069Z"}
{"level":"info","message":"[F1 API] request -> https://f1api.dev/api/current/teams","timestamp":"2025-11-11T15:46:47.070Z"}
{"level":"info","message":"[F1 API] Fetching data from path: current/drivers","timestamp":"2025-11-11T15:46:54.755Z"}
{"level":"info","message":"[F1 API] request -> https://f1api.dev/api/current/drivers","timestamp":"2025-11-11T15:46:54.815Z"}
{"level":"info","message":"[F1 API] Fetching data from path: current/teams","timestamp":"2025-11-11T15:46:54.817Z"}
{"level":"info","message":"[F1 API] request -> https://f1api.dev/api/current/teams","timestamp":"2025-11-11T15:46:54.818Z"}
{"level":"info","message":"[F1 API] Fetching data from path: current/drivers","timestamp":"2025-11-11T15:47:23.517Z"}
{"level":"info","message":"[F1 API] request -> https://f1api.dev/api/current/drivers","timestamp":"2025-11-11T15:47:23.519Z"}
{"level":"info","message":"[F1 API] Fetching data from path: current/teams","timestamp":"2025-11-11T15:47:23.523Z"}
{"level":"info","message":"[F1 API] request -> https://f1api.dev/api/current/teams","timestamp":"2025-11-11T15:47:23.585Z"}
{"level":"info","message":"[F1 API] Fetching data from path: current/drivers","timestamp":"2025-11-11T15:47:24.405Z"}
{"level":"info","message":"[F1 API] request -> https://f1api.dev/api/current/drivers","timestamp":"2025-11-11T15:47:24.420Z"}
{"level":"info","message":"[F1 API] Fetching data from path: current/teams","timestamp":"2025-11-11T15:47:24.431Z"}
{"level":"info","message":"[F1 API] request -> https://f1api.dev/api/current/teams","timestamp":"2025-11-11T15:47:24.435Z"}
{"level":"info","message":"[F1 API] Fetching data from path: current/drivers","timestamp":"2025-11-11T15:47:40.349Z"}
{"level":"info","message":"[F1 API] request -> https://f1api.dev/api/current/drivers","timestamp":"2025-11-11T15:47:40.379Z"}
{"level":"info","message":"[F1 API] Fetching data from path: current/teams","timestamp":"2025-11-11T15:47:40.381Z"}
{"level":"info","message":"[F1 API] request -> https://f1api.dev/api/current/teams","timestamp":"2025-11-11T15:47:40.385Z"}
{"level":"info","message":"[F1 API] Fetching data from path: current/drivers","timestamp":"2025-11-11T15:47:40.457Z"}
{"level":"info","message":"[F1 API] request -> https://f1api.dev/api/current/drivers","timestamp":"2025-11-11T15:47:40.457Z"}
{"level":"info","message":"[F1 API] Fetching data from path: current/teams","timestamp":"2025-11-11T15:47:40.462Z"}
{"level":"info","message":"[F1 API] request -> https://f1api.dev/api/current/teams","timestamp":"2025-11-11T15:47:40.463Z"}
{"level":"info","message":"[F1 API] Fetching data from path: current/teams","timestamp":"2025-11-11T15:47:47.310Z"}
{"level":"info","message":"[F1 API] request -> https://f1api.dev/api/current/teams","timestamp":"2025-11-11T15:47:47.311Z"}
{"level":"info","message":"[F1 API] Fetching data from path: current/drivers","timestamp":"2025-11-11T15:47:47.322Z"}
{"level":"info","message":"[F1 API] request -> https://f1api.dev/api/current/drivers","timestamp":"2025-11-11T15:47:47.323Z"}
{"level":"info","message":"[F1 API] Fetching data from path: current/drivers","timestamp":"2025-11-11T15:47:47.423Z"}
{"level":"info","message":"[F1 API] request -> https://f1api.dev/api/current/drivers","timestamp":"2025-11-11T15:47:47.424Z"}
{"level":"info","message":"[F1 API] Fetching data from path: current/teams","timestamp":"2025-11-11T15:47:47.428Z"}
{"level":"info","message":"[F1 API] request -> https://f1api.dev/api/current/teams","timestamp":"2025-11-11T15:47:47.428Z"}
{"level":"info","message":"[F1 API] Fetching data from path: current/teams","timestamp":"2025-11-11T15:47:53.869Z"}
{"level":"info","message":"[F1 API] request -> https://f1api.dev/api/current/teams","timestamp":"2025-11-11T15:47:53.869Z"}
{"level":"info","message":"[F1 API] Fetching data from path: current/drivers","timestamp":"2025-11-11T15:47:53.884Z"}
{"level":"info","message":"[F1 API] request -> https://f1api.dev/api/current/drivers","timestamp":"2025-11-11T15:47:53.884Z"}
{"level":"info","message":"[F1 API] Fetching data from path: current/drivers","timestamp":"2025-11-11T15:48:05.281Z"}
{"level":"info","message":"[F1 API] request -> https://f1api.dev/api/current/drivers","timestamp":"2025-11-11T15:48:05.281Z"}
{"level":"info","message":"[F1 API] Fetching data from path: current/teams","timestamp":"2025-11-11T15:48:05.286Z"}
{"level":"info","message":"[F1 API] request -> https://f1api.dev/api/current/teams","timestamp":"2025-11-11T15:48:05.286Z"}
{"level":"info","message":"[F1 API] Fetching data from path: current/drivers","timestamp":"2025-11-11T15:48:05.383Z"}
{"level":"info","message":"[F1 API] request -> https://f1api.dev/api/current/drivers","timestamp":"2025-11-11T15:48:05.383Z"}
{"level":"info","message":"[F1 API] Fetching data from path: current/teams","timestamp":"2025-11-11T15:48:05.386Z"}
{"level":"info","message":"[F1 API] request -> https://f1api.dev/api/current/teams","timestamp":"2025-11-11T15:48:05.386Z"}
{"level":"info","message":"[F1 API] Fetching data from path: current/drivers","timestamp":"2025-11-11T15:48:09.619Z"}
{"level":"info","message":"[F1 API] request -> https://f1api.dev/api/current/drivers","timestamp":"2025-11-11T15:48:09.620Z"}
{"level":"info","message":"[F1 API] Fetching data from path: current/teams","timestamp":"2025-11-11T15:48:09.625Z"}
{"level":"info","message":"[F1 API] request -> https://f1api.dev/api/current/teams","timestamp":"2025-11-11T15:48:09.627Z"}
{"level":"info","message":"[F1 API] Fetching data from path: current/drivers","timestamp":"2025-11-11T15:48:10.350Z"}
{"level":"info","message":"[F1 API] request -> https://f1api.dev/api/current/drivers","timestamp":"2025-11-11T15:48:10.351Z"}
{"level":"info","message":"[F1 API] Fetching data from path: current/teams","timestamp":"2025-11-11T15:48:10.357Z"}
{"level":"info","message":"[F1 API] request -> https://f1api.dev/api/current/teams","timestamp":"2025-11-11T15:48:10.357Z"}
{"level":"info","message":"[F1 API] Fetching data from path: current/drivers","timestamp":"2025-11-11T15:48:12.408Z"}
{"level":"info","message":"[F1 API] request -> https://f1api.dev/api/current/drivers","timestamp":"2025-11-11T15:48:12.410Z"}
{"level":"info","message":"[F1 API] Fetching data from path: current/teams","timestamp":"2025-11-11T15:48:12.415Z"}
{"level":"info","message":"[F1 API] request -> https://f1api.dev/api/current/teams","timestamp":"2025-11-11T15:48:12.420Z"}
{"level":"info","message":"[F1 API] Fetching data from path: current/drivers","timestamp":"2025-11-11T15:48:13.349Z"}
{"level":"info","message":"[F1 API] request -> https://f1api.dev/api/current/drivers","timestamp":"2025-11-11T15:48:13.349Z"}
{"level":"info","message":"[F1 API] Fetching data from path: current/teams","timestamp":"2025-11-11T15:48:13.352Z"}
{"level":"info","message":"[F1 API] request -> https://f1api.dev/api/current/teams","timestamp":"2025-11-11T15:48:13.352Z"}
{"level":"info","message":"[F1 API] Fetching data from path: current/teams","timestamp":"2025-11-11T15:48:17.054Z"}
{"level":"info","message":"[F1 API] request -> https://f1api.dev/api/current/teams","timestamp":"2025-11-11T15:48:17.054Z"}
{"level":"info","message":"[F1 API] Fetching data from path: current/drivers","timestamp":"2025-11-11T15:48:17.056Z"}
{"level":"info","message":"[F1 API] request -> https://f1api.dev/api/current/drivers","timestamp":"2025-11-11T15:48:17.057Z"}
{"level":"info","message":"[F1 API] Fetching data from path: current/drivers","timestamp":"2025-11-11T15:48:19.614Z"}
{"level":"info","message":"[F1 API] request -> https://f1api.dev/api/current/drivers","timestamp":"2025-11-11T15:48:19.614Z"}
{"level":"info","message":"[F1 API] Fetching data from path: current/teams","timestamp":"2025-11-11T15:48:19.618Z"}
{"level":"info","message":"[F1 API] request -> https://f1api.dev/api/current/teams","timestamp":"2025-11-11T15:48:19.619Z"}
{"level":"info","message":"[F1 API] Fetching data from path: current/teams","timestamp":"2025-11-11T15:48:26.335Z"}
{"level":"info","message":"[F1 API] request -> https://f1api.dev/api/current/teams","timestamp":"2025-11-11T15:48:26.335Z"}
{"level":"info","message":"[F1 API] Fetching data from path: current/drivers","timestamp":"2025-11-11T15:48:26.337Z"}
{"level":"info","message":"[F1 API] request -> https://f1api.dev/api/current/drivers","timestamp":"2025-11-11T15:48:26.337Z"}
{"level":"info","message":"[F1 API] Fetching data from path: current/drivers","timestamp":"2025-11-11T15:48:27.372Z"}
{"level":"info","message":"[F1 API] request -> https://f1api.dev/api/current/drivers","timestamp":"2025-11-11T15:48:27.372Z"}
{"level":"info","message":"[F1 API] Fetching data from path: current/teams","timestamp":"2025-11-11T15:48:27.378Z"}
{"level":"info","message":"[F1 API] request -> https://f1api.dev/api/current/teams","timestamp":"2025-11-11T15:48:27.378Z"}
{"level":"info","message":"[F1 API] Fetching data from path: current/drivers","timestamp":"2025-11-11T15:48:30.964Z"}
{"level":"info","message":"[F1 API] request -> https://f1api.dev/api/current/drivers","timestamp":"2025-11-11T15:48:30.965Z"}
{"level":"info","message":"[F1 API] Fetching data from path: current/teams","timestamp":"2025-11-11T15:48:30.969Z"}
{"level":"info","message":"[F1 API] request -> https://f1api.dev/api/current/teams","timestamp":"2025-11-11T15:48:30.970Z"}
{"level":"info","message":"[F1 API] Fetching data from path: current/drivers","timestamp":"2025-11-11T15:48:31.397Z"}
{"level":"info","message":"[F1 API] request -> https://f1api.dev/api/current/drivers","timestamp":"2025-11-11T15:48:31.397Z"}
{"level":"info","message":"[F1 API] Fetching data from path: current/teams","timestamp":"2025-11-11T15:48:31.399Z"}
{"level":"info","message":"[F1 API] request -> https://f1api.dev/api/current/teams","timestamp":"2025-11-11T15:48:31.400Z"}
{"level":"info","message":"[F1 API] Fetching data from path: current/drivers","timestamp":"2025-11-11T15:48:34.770Z"}
{"level":"info","message":"[F1 API] request -> https://f1api.dev/api/current/drivers","timestamp":"2025-11-11T15:48:34.771Z"}
{"level":"info","message":"[F1 API] Fetching data from path: current/teams","timestamp":"2025-11-11T15:48:34.772Z"}
{"level":"info","message":"[F1 API] request -> https://f1api.dev/api/current/teams","timestamp":"2025-11-11T15:48:34.773Z"}
{"level":"info","message":"[F1 API] Fetching data from path: current/drivers","timestamp":"2025-11-11T15:48:35.347Z"}
{"level":"info","message":"[F1 API] request -> https://f1api.dev/api/current/drivers","timestamp":"2025-11-11T15:48:35.347Z"}
{"level":"info","message":"[F1 API] Fetching data from path: current/teams","timestamp":"2025-11-11T15:48:35.351Z"}
{"level":"info","message":"[F1 API] request -> https://f1api.dev/api/current/teams","timestamp":"2025-11-11T15:48:35.351Z"}
{"level":"info","message":"[F1 API] Fetching data from path: current/teams","timestamp":"2025-11-11T15:48:37.649Z"}
{"level":"info","message":"[F1 API] request -> https://f1api.dev/api/current/teams","timestamp":"2025-11-11T15:48:37.650Z"}
{"level":"info","message":"[F1 API] Fetching data from path: current/drivers","timestamp":"2025-11-11T15:48:37.652Z"}
{"level":"info","message":"[F1 API] request -> https://f1api.dev/api/current/drivers","timestamp":"2025-11-11T15:48:37.654Z"}
{"level":"info","message":"[F1 API] Fetching data from path: current/drivers","timestamp":"2025-11-11T15:48:38.390Z"}
{"level":"info","message":"[F1 API] request -> https://f1api.dev/api/current/drivers","timestamp":"2025-11-11T15:48:38.390Z"}
{"level":"info","message":"[F1 API] Fetching data from path: current/teams","timestamp":"2025-11-11T15:48:38.394Z"}
{"level":"info","message":"[F1 API] request -> https://f1api.dev/api/current/teams","timestamp":"2025-11-11T15:48:38.395Z"}
{"level":"info","message":"[F1 API] Fetching data from path: current/drivers","timestamp":"2025-11-11T15:48:58.019Z"}
{"level":"info","message":"[F1 API] request -> https://f1api.dev/api/current/drivers","timestamp":"2025-11-11T15:48:58.020Z"}
{"level":"info","message":"[F1 API] Fetching data from path: current/teams","timestamp":"2025-11-11T15:48:58.023Z"}
{"level":"info","message":"[F1 API] request -> https://f1api.dev/api/current/teams","timestamp":"2025-11-11T15:48:58.024Z"}
{"level":"info","message":"Shutting down...","timestamp":"2025-11-11T15:52:36.738Z"}
{"level":"info","message":"Server is running on port 4200","timestamp":"2025-11-11T16:13:54.830Z"}
{"level":"info","message":"[F1 API] Fetching data from path: current/teams","timestamp":"2025-11-11T16:14:25.746Z"}
{"level":"info","message":"[F1 API] request -> https://f1api.dev/api/current/teams","timestamp":"2025-11-11T16:14:25.747Z"}
{"level":"info","message":"[F1 API] Fetching data from path: current/drivers","timestamp":"2025-11-11T16:14:25.803Z"}
{"level":"info","message":"[F1 API] request -> https://f1api.dev/api/current/drivers","timestamp":"2025-11-11T16:14:25.804Z"}
{"level":"info","message":"[F1 API] Fetching data from path: current/drivers","timestamp":"2025-11-11T16:14:31.162Z"}
{"level":"info","message":"[F1 API] request -> https://f1api.dev/api/current/drivers","timestamp":"2025-11-11T16:14:31.163Z"}
{"level":"info","message":"[F1 API] Fetching data from path: current/teams","timestamp":"2025-11-11T16:14:31.170Z"}
{"level":"info","message":"[F1 API] request -> https://f1api.dev/api/current/teams","timestamp":"2025-11-11T16:14:31.170Z"}
{"level":"info","message":"Shutting down...","timestamp":"2025-11-11T16:14:43.858Z"}
{"level":"info","message":"Server is running on port 4200","timestamp":"2025-11-12T06:33:24.912Z"}
{"level":"info","message":"Server is running on port 4200","timestamp":"2025-11-12T06:33:29.167Z"}
{"level":"info","message":"Shutting down...","timestamp":"2025-11-12T06:36:06.188Z"}
{"level":"info","message":"Server is running on port 4200","timestamp":"2025-11-12T06:36:08.544Z"}
{"level":"info","message":"Shutting down...","timestamp":"2025-11-12T06:36:14.838Z"}
{"level":"info","message":"Server is running on port 4200","timestamp":"2025-11-12T06:36:19.521Z"}
{"level":"info","message":"Shutting down...","timestamp":"2025-11-12T06:38:29.656Z"}
{"level":"info","message":"Server is running on port 4200","timestamp":"2025-11-12T06:38:32.415Z"}
{"level":"info","message":"Server is running on port 4200","timestamp":"2025-11-12T06:40:59.184Z"}
{"level":"info","message":"Shutting down...","timestamp":"2025-11-12T06:41:46.906Z"}
{"level":"info","message":"Server is running on port 4200","timestamp":"2025-11-12T06:41:49.132Z"}
{"level":"info","message":"[F1 API] Fetching data from path: current/drivers","timestamp":"2025-11-12T06:45:43.620Z"}
{"level":"info","message":"[F1 API] request -> https://f1api.dev/api/current/drivers","timestamp":"2025-11-12T06:45:43.621Z"}
{"level":"info","message":"[F1 API] Fetching data from path: current/teams","timestamp":"2025-11-12T06:45:43.674Z"}
{"level":"info","message":"[F1 API] request -> https://f1api.dev/api/current/teams","timestamp":"2025-11-12T06:45:43.675Z"}
{"level":"info","message":"[F1 API] Fetching data from path: current/drivers","timestamp":"2025-11-12T06:47:59.522Z"}
{"level":"info","message":"[F1 API] request -> https://f1api.dev/api/current/drivers","timestamp":"2025-11-12T06:47:59.523Z"}
{"level":"info","message":"[F1 API] Fetching data from path: current/teams","timestamp":"2025-11-12T06:47:59.532Z"}
{"level":"info","message":"[F1 API] request -> https://f1api.dev/api/current/teams","timestamp":"2025-11-12T06:47:59.532Z"}
{"level":"info","message":"[F1 API] Fetching data from path: current/drivers","timestamp":"2025-11-12T06:48:05.806Z"}
{"level":"info","message":"[F1 API] request -> https://f1api.dev/api/current/drivers","timestamp":"2025-11-12T06:48:05.807Z"}
{"level":"info","message":"[F1 API] Fetching data from path: current/teams","timestamp":"2025-11-12T06:48:05.812Z"}
{"level":"info","message":"[F1 API] request -> https://f1api.dev/api/current/teams","timestamp":"2025-11-12T06:48:05.812Z"}
{"level":"info","message":"[F1 API] Fetching data from path: current/teams","timestamp":"2025-11-12T06:48:11.767Z"}
{"level":"info","message":"[F1 API] request -> https://f1api.dev/api/current/teams","timestamp":"2025-11-12T06:48:11.767Z"}
{"level":"info","message":"[F1 API] Fetching data from path: current/drivers","timestamp":"2025-11-12T06:48:11.772Z"}
{"level":"info","message":"[F1 API] request -> https://f1api.dev/api/current/drivers","timestamp":"2025-11-12T06:48:11.774Z"}
{"level":"info","message":"Shutting down...","timestamp":"2025-11-12T06:48:22.696Z"}
{"level":"info","message":"Server is running on port 4200","timestamp":"2025-11-12T07:16:31.384Z"}
{"level":"info","message":"[F1 API] Fetching data from path: current/drivers","timestamp":"2025-11-12T07:17:16.227Z"}
{"level":"info","message":"[F1 API] request -> https://f1api.dev/api/current/drivers","timestamp":"2025-11-12T07:17:16.228Z"}
{"level":"info","message":"[F1 API] Fetching data from path: current/teams","timestamp":"2025-11-12T07:17:16.297Z"}
{"level":"info","message":"[F1 API] request -> https://f1api.dev/api/current/teams","timestamp":"2025-11-12T07:17:16.298Z"}
{"level":"info","message":"[F1 API] Fetching data from path: current/drivers","timestamp":"2025-11-12T07:20:30.672Z"}
{"level":"info","message":"[F1 API] request -> https://f1api.dev/api/current/drivers","timestamp":"2025-11-12T07:20:30.672Z"}
{"level":"info","message":"[F1 API] Fetching data from path: current/teams","timestamp":"2025-11-12T07:20:30.676Z"}
{"level":"info","message":"[F1 API] request -> https://f1api.dev/api/current/teams","timestamp":"2025-11-12T07:20:30.676Z"}
{"level":"info","message":"[F1 API] Fetching data from path: current/drivers","timestamp":"2025-11-12T07:20:34.224Z"}
{"level":"info","message":"[F1 API] request -> https://f1api.dev/api/current/drivers","timestamp":"2025-11-12T07:20:34.224Z"}
{"level":"info","message":"[F1 API] Fetching data from path: current/teams","timestamp":"2025-11-12T07:20:34.226Z"}
{"level":"info","message":"[F1 API] request -> https://f1api.dev/api/current/teams","timestamp":"2025-11-12T07:20:34.226Z"}
{"level":"info","message":"[F1 API] Fetching data from path: current/drivers","timestamp":"2025-11-12T07:22:31.947Z"}
{"level":"info","message":"[F1 API] request -> https://f1api.dev/api/current/drivers","timestamp":"2025-11-12T07:22:31.948Z"}
{"level":"info","message":"[F1 API] Fetching data from path: current/teams","timestamp":"2025-11-12T07:22:31.951Z"}
{"level":"info","message":"[F1 API] request -> https://f1api.dev/api/current/teams","timestamp":"2025-11-12T07:22:31.951Z"}
{"level":"info","message":"[F1 API] Fetching data from path: current/drivers","timestamp":"2025-11-12T07:22:34.949Z"}
{"level":"info","message":"[F1 API] request -> https://f1api.dev/api/current/drivers","timestamp":"2025-11-12T07:22:34.950Z"}
{"level":"info","message":"[F1 API] Fetching data from path: current/teams","timestamp":"2025-11-12T07:22:34.952Z"}
{"level":"info","message":"[F1 API] request -> https://f1api.dev/api/current/teams","timestamp":"2025-11-12T07:22:34.952Z"}
{"level":"info","message":"[F1 API] Fetching data from path: current/drivers","timestamp":"2025-11-12T07:24:30.260Z"}
{"level":"info","message":"[F1 API] request -> https://f1api.dev/api/current/drivers","timestamp":"2025-11-12T07:24:30.261Z"}
{"level":"info","message":"[F1 API] Fetching data from path: current/teams","timestamp":"2025-11-12T07:24:30.264Z"}
{"level":"info","message":"[F1 API] request -> https://f1api.dev/api/current/teams","timestamp":"2025-11-12T07:24:30.264Z"}
{"level":"info","message":"[F1 API] Fetching data from path: current/drivers","timestamp":"2025-11-12T07:24:49.996Z"}
{"level":"info","message":"[F1 API] request -> https://f1api.dev/api/current/drivers","timestamp":"2025-11-12T07:24:49.997Z"}
{"level":"info","message":"[F1 API] Fetching data from path: current/teams","timestamp":"2025-11-12T07:24:50.002Z"}
{"level":"info","message":"[F1 API] request -> https://f1api.dev/api/current/teams","timestamp":"2025-11-12T07:24:50.002Z"}
{"level":"info","message":"[F1 API] Fetching data from path: current/drivers","timestamp":"2025-11-12T07:25:16.225Z"}
{"level":"info","message":"[F1 API] request -> https://f1api.dev/api/current/drivers","timestamp":"2025-11-12T07:25:16.225Z"}
{"level":"info","message":"[F1 API] Fetching data from path: current/teams","timestamp":"2025-11-12T07:25:16.228Z"}
{"level":"info","message":"[F1 API] request -> https://f1api.dev/api/current/teams","timestamp":"2025-11-12T07:25:16.228Z"}
{"level":"info","message":"[F1 API] Fetching data from path: current/drivers","timestamp":"2025-11-12T07:25:46.854Z"}
{"level":"info","message":"[F1 API] request -> https://f1api.dev/api/current/drivers","timestamp":"2025-11-12T07:25:46.854Z"}
{"level":"info","message":"[F1 API] Fetching data from path: current/teams","timestamp":"2025-11-12T07:25:46.856Z"}
{"level":"info","message":"[F1 API] request -> https://f1api.dev/api/current/teams","timestamp":"2025-11-12T07:25:46.856Z"}
{"level":"info","message":"[F1 API] Fetching data from path: current/drivers","timestamp":"2025-11-12T07:27:09.028Z"}
{"level":"info","message":"[F1 API] request -> https://f1api.dev/api/current/drivers","timestamp":"2025-11-12T07:27:09.029Z"}
{"level":"info","message":"[F1 API] Fetching data from path: current/teams","timestamp":"2025-11-12T07:27:09.030Z"}
{"level":"info","message":"[F1 API] request -> https://f1api.dev/api/current/teams","timestamp":"2025-11-12T07:27:09.031Z"}
{"level":"info","message":"[F1 API] Fetching data from path: current/drivers","timestamp":"2025-11-12T07:27:17.773Z"}
{"level":"info","message":"[F1 API] request -> https://f1api.dev/api/current/drivers","timestamp":"2025-11-12T07:27:17.773Z"}
{"level":"info","message":"[F1 API] Fetching data from path: current/teams","timestamp":"2025-11-12T07:27:17.775Z"}
{"level":"info","message":"[F1 API] request -> https://f1api.dev/api/current/teams","timestamp":"2025-11-12T07:27:17.776Z"}
{"level":"info","message":"[F1 API] Fetching data from path: current/drivers","timestamp":"2025-11-12T07:27:25.686Z"}
{"level":"info","message":"[F1 API] request -> https://f1api.dev/api/current/drivers","timestamp":"2025-11-12T07:27:25.686Z"}
{"level":"info","message":"[F1 API] Fetching data from path: current/teams","timestamp":"2025-11-12T07:27:25.688Z"}
{"level":"info","message":"[F1 API] request -> https://f1api.dev/api/current/teams","timestamp":"2025-11-12T07:27:25.688Z"}
{"level":"info","message":"[F1 API] Fetching data from path: current/drivers","timestamp":"2025-11-12T07:32:55.886Z"}
{"level":"info","message":"[F1 API] request -> https://f1api.dev/api/current/drivers","timestamp":"2025-11-12T07:32:55.887Z"}
{"level":"info","message":"[F1 API] Fetching data from path: current/teams","timestamp":"2025-11-12T07:32:55.889Z"}
{"level":"info","message":"[F1 API] request -> https://f1api.dev/api/current/teams","timestamp":"2025-11-12T07:32:55.889Z"}
{"level":"info","message":"[F1 API] Fetching data from path: current/drivers","timestamp":"2025-11-12T07:32:57.691Z"}
{"level":"info","message":"[F1 API] request -> https://f1api.dev/api/current/drivers","timestamp":"2025-11-12T07:32:57.691Z"}
{"level":"info","message":"[F1 API] Fetching data from path: current/teams","timestamp":"2025-11-12T07:32:57.695Z"}
{"level":"info","message":"[F1 API] request -> https://f1api.dev/api/current/teams","timestamp":"2025-11-12T07:32:57.695Z"}
{"level":"info","message":"[F1 API] Fetching data from path: current/drivers","timestamp":"2025-11-12T07:32:59.290Z"}
{"level":"info","message":"[F1 API] request -> https://f1api.dev/api/current/drivers","timestamp":"2025-11-12T07:32:59.290Z"}
{"level":"info","message":"[F1 API] Fetching data from path: current/teams","timestamp":"2025-11-12T07:32:59.292Z"}
{"level":"info","message":"[F1 API] request -> https://f1api.dev/api/current/teams","timestamp":"2025-11-12T07:32:59.292Z"}
{"level":"info","message":"[F1 API] Fetching data from path: current/drivers","timestamp":"2025-11-12T07:34:01.903Z"}
{"level":"info","message":"[F1 API] request -> https://f1api.dev/api/current/drivers","timestamp":"2025-11-12T07:34:01.903Z"}
{"level":"info","message":"[F1 API] Fetching data from path: current/teams","timestamp":"2025-11-12T07:34:01.905Z"}
{"level":"info","message":"[F1 API] request -> https://f1api.dev/api/current/teams","timestamp":"2025-11-12T07:34:01.905Z"}
{"level":"info","message":"[F1 API] Fetching data from path: current/drivers","timestamp":"2025-11-12T07:34:05.334Z"}
{"level":"info","message":"[F1 API] request -> https://f1api.dev/api/current/drivers","timestamp":"2025-11-12T07:34:05.334Z"}
{"level":"info","message":"[F1 API] Fetching data from path: current/teams","timestamp":"2025-11-12T07:34:05.340Z"}
{"level":"info","message":"[F1 API] request -> https://f1api.dev/api/current/teams","timestamp":"2025-11-12T07:34:05.340Z"}
{"level":"info","message":"Server is running on port 4200","timestamp":"2025-11-12T07:35:17.532Z"}
{"level":"info","message":"[F1 API] Fetching data from path: current/drivers","timestamp":"2025-11-12T07:36:01.063Z"}
{"level":"info","message":"[F1 API] request -> https://f1api.dev/api/current/drivers","timestamp":"2025-11-12T07:36:01.063Z"}
{"level":"info","message":"[F1 API] Fetching data from path: current/teams","timestamp":"2025-11-12T07:36:01.088Z"}
{"level":"info","message":"[F1 API] request -> https://f1api.dev/api/current/teams","timestamp":"2025-11-12T07:36:01.088Z"}
{"level":"info","message":"[F1 API] Fetching data from path: current/drivers","timestamp":"2025-11-12T07:36:05.523Z"}
{"level":"info","message":"[F1 API] request -> https://f1api.dev/api/current/drivers","timestamp":"2025-11-12T07:36:05.523Z"}
{"level":"info","message":"[F1 API] Fetching data from path: current/teams","timestamp":"2025-11-12T07:36:05.540Z"}
{"level":"info","message":"[F1 API] request -> https://f1api.dev/api/current/teams","timestamp":"2025-11-12T07:36:05.540Z"}
{"level":"info","message":"[F1 API] Fetching data from path: current/drivers","timestamp":"2025-11-12T07:37:51.192Z"}
{"level":"info","message":"[F1 API] request -> https://f1api.dev/api/current/drivers","timestamp":"2025-11-12T07:37:51.192Z"}
{"level":"info","message":"[F1 API] Fetching data from path: current/teams","timestamp":"2025-11-12T07:37:51.195Z"}
{"level":"info","message":"[F1 API] request -> https://f1api.dev/api/current/teams","timestamp":"2025-11-12T07:37:51.195Z"}
{"level":"info","message":"[F1 API] Fetching data from path: current/drivers","timestamp":"2025-11-12T07:37:55.069Z"}
{"level":"info","message":"[F1 API] request -> https://f1api.dev/api/current/drivers","timestamp":"2025-11-12T07:37:55.069Z"}
{"level":"info","message":"[F1 API] Fetching data from path: current/teams","timestamp":"2025-11-12T07:37:55.071Z"}
{"level":"info","message":"[F1 API] request -> https://f1api.dev/api/current/teams","timestamp":"2025-11-12T07:37:55.071Z"}
{"level":"info","message":"[F1 API] Fetching data from path: current/drivers","timestamp":"2025-11-12T07:37:59.373Z"}
{"level":"info","message":"[F1 API] request -> https://f1api.dev/api/current/drivers","timestamp":"2025-11-12T07:37:59.374Z"}
{"level":"info","message":"[F1 API] Fetching data from path: current/teams","timestamp":"2025-11-12T07:37:59.376Z"}
{"level":"info","message":"[F1 API] request -> https://f1api.dev/api/current/teams","timestamp":"2025-11-12T07:37:59.376Z"}
{"level":"info","message":"[F1 API] Fetching data from path: current/drivers","timestamp":"2025-11-12T07:38:10.840Z"}
{"level":"info","message":"[F1 API] request -> https://f1api.dev/api/current/drivers","timestamp":"2025-11-12T07:38:10.840Z"}
{"level":"info","message":"[F1 API] Fetching data from path: current/teams","timestamp":"2025-11-12T07:38:10.842Z"}
{"level":"info","message":"[F1 API] request -> https://f1api.dev/api/current/teams","timestamp":"2025-11-12T07:38:10.843Z"}
{"level":"info","message":"[F1 API] Fetching data from path: current/drivers","timestamp":"2025-11-12T07:38:18.467Z"}
{"level":"info","message":"[F1 API] request -> https://f1api.dev/api/current/drivers","timestamp":"2025-11-12T07:38:18.468Z"}
{"level":"info","message":"[F1 API] Fetching data from path: current/teams","timestamp":"2025-11-12T07:38:18.469Z"}
{"level":"info","message":"[F1 API] request -> https://f1api.dev/api/current/teams","timestamp":"2025-11-12T07:38:18.469Z"}
{"level":"info","message":"Shutting down...","timestamp":"2025-11-12T07:45:48.905Z"}
{"level":"info","message":"Server is running on port 4200","timestamp":"2025-11-12T07:48:39.095Z"}
{"level":"info","message":"[F1 API] Fetching data from path: current/drivers","timestamp":"2025-11-12T07:51:08.292Z"}
{"level":"info","message":"[F1 API] request -> https://f1api.dev/api/current/drivers","timestamp":"2025-11-12T07:51:08.293Z"}
{"level":"info","message":"[F1 API] Fetching data from path: current/teams","timestamp":"2025-11-12T07:51:08.324Z"}
{"level":"info","message":"[F1 API] request -> https://f1api.dev/api/current/teams","timestamp":"2025-11-12T07:51:08.324Z"}
{"level":"info","message":"[F1 API] Fetching data from path: current/teams","timestamp":"2025-11-12T07:51:52.608Z"}
{"level":"info","message":"[F1 API] request -> https://f1api.dev/api/current/teams","timestamp":"2025-11-12T07:51:52.608Z"}
{"level":"info","message":"[F1 API] Fetching data from path: current/drivers","timestamp":"2025-11-12T07:51:52.612Z"}
{"level":"info","message":"[F1 API] request -> https://f1api.dev/api/current/drivers","timestamp":"2025-11-12T07:51:52.612Z"}
{"level":"info","message":"[F1 API] Fetching data from path: current/teams","timestamp":"2025-11-12T07:52:16.354Z"}
{"level":"info","message":"[F1 API] request -> https://f1api.dev/api/current/teams","timestamp":"2025-11-12T07:52:16.354Z"}
{"level":"info","message":"[F1 API] Fetching data from path: current/drivers","timestamp":"2025-11-12T07:52:16.391Z"}
{"level":"info","message":"[F1 API] request -> https://f1api.dev/api/current/drivers","timestamp":"2025-11-12T07:52:16.391Z"}
{"level":"info","message":"[F1 API] Fetching data from path: current/drivers","timestamp":"2025-11-12T07:52:32.341Z"}
{"level":"info","message":"[F1 API] request -> https://f1api.dev/api/current/drivers","timestamp":"2025-11-12T07:52:32.341Z"}
{"level":"info","message":"[F1 API] Fetching data from path: current/teams","timestamp":"2025-11-12T07:52:32.343Z"}
{"level":"info","message":"[F1 API] request -> https://f1api.dev/api/current/teams","timestamp":"2025-11-12T07:52:32.343Z"}
{"level":"info","message":"[F1 API] Fetching data from path: current/drivers","timestamp":"2025-11-12T07:53:21.867Z"}
{"level":"info","message":"[F1 API] request -> https://f1api.dev/api/current/drivers","timestamp":"2025-11-12T07:53:21.868Z"}
{"level":"info","message":"[F1 API] Fetching data from path: current/teams","timestamp":"2025-11-12T07:53:21.872Z"}
{"level":"info","message":"[F1 API] request -> https://f1api.dev/api/current/teams","timestamp":"2025-11-12T07:53:21.872Z"}
{"level":"info","message":"[F1 API] Fetching data from path: current/teams","timestamp":"2025-11-12T07:53:29.206Z"}
{"level":"info","message":"[F1 API] request -> https://f1api.dev/api/current/teams","timestamp":"2025-11-12T07:53:29.206Z"}
{"level":"info","message":"[F1 API] Fetching data from path: current/drivers","timestamp":"2025-11-12T07:53:29.208Z"}
{"level":"info","message":"[F1 API] request -> https://f1api.dev/api/current/drivers","timestamp":"2025-11-12T07:53:29.208Z"}
{"level":"info","message":"[F1 API] Fetching data from path: current/drivers","timestamp":"2025-11-12T07:54:41.141Z"}
{"level":"info","message":"[F1 API] request -> https://f1api.dev/api/current/drivers","timestamp":"2025-11-12T07:54:41.142Z"}
{"level":"info","message":"[F1 API] Fetching data from path: current/teams","timestamp":"2025-11-12T07:54:41.144Z"}
{"level":"info","message":"[F1 API] request -> https://f1api.dev/api/current/teams","timestamp":"2025-11-12T07:54:41.144Z"}
{"level":"info","message":"[F1 API] Fetching data from path: current/drivers","timestamp":"2025-11-12T07:55:38.836Z"}
{"level":"info","message":"[F1 API] request -> https://f1api.dev/api/current/drivers","timestamp":"2025-11-12T07:55:38.836Z"}
{"level":"info","message":"[F1 API] Fetching data from path: current/teams","timestamp":"2025-11-12T07:55:38.838Z"}
{"level":"info","message":"[F1 API] request -> https://f1api.dev/api/current/teams","timestamp":"2025-11-12T07:55:38.838Z"}
{"level":"info","message":"Shutting down...","timestamp":"2025-11-12T07:57:05.918Z"}
{"level":"info","message":"Server is running on port 4200","timestamp":"2025-11-18T16:12:31.822Z"}
{"level":"info","message":"[F1 API] Fetching data from path: current/teams","timestamp":"2025-11-18T16:17:49.797Z"}
{"level":"info","message":"[F1 API] request -> https://f1api.dev/api/current/teams","timestamp":"2025-11-18T16:17:49.802Z"}
{"level":"info","message":"[F1 API] Fetching data from path: current/drivers","timestamp":"2025-11-18T16:17:49.867Z"}
{"level":"info","message":"[F1 API] request -> https://f1api.dev/api/current/drivers","timestamp":"2025-11-18T16:17:49.868Z"}
{"level":"info","message":"Shutting down...","timestamp":"2025-11-18T16:18:04.605Z"}
{"level":"info","message":"Server is running on port 4200","timestamp":"2025-11-18T16:18:07.149Z"}
{"level":"info","message":"[F1 API] Fetching data from path: current/teams","timestamp":"2025-11-18T16:18:11.539Z"}
{"level":"info","message":"[F1 API] request -> https://f1api.dev/api/current/teams","timestamp":"2025-11-18T16:18:11.540Z"}
{"level":"info","message":"[F1 API] Fetching data from path: current/drivers","timestamp":"2025-11-18T16:18:11.607Z"}
{"level":"info","message":"[F1 API] request -> https://f1api.dev/api/current/drivers","timestamp":"2025-11-18T16:18:11.608Z"}
{"level":"info","message":"[F1 API] Fetching data from path: current/teams","timestamp":"2025-11-18T16:18:21.381Z"}
{"level":"info","message":"[F1 API] request -> https://f1api.dev/api/current/teams","timestamp":"2025-11-18T16:18:21.381Z"}
{"level":"info","message":"[F1 API] Fetching data from path: current/drivers","timestamp":"2025-11-18T16:18:21.385Z"}
{"level":"info","message":"[F1 API] request -> https://f1api.dev/api/current/drivers","timestamp":"2025-11-18T16:18:21.386Z"}
{"level":"info","message":"[F1 API] Fetching data from path: current/drivers","timestamp":"2025-11-18T16:19:47.633Z"}
{"level":"info","message":"[F1 API] request -> https://f1api.dev/api/current/drivers","timestamp":"2025-11-18T16:19:47.634Z"}
{"level":"info","message":"[F1 API] Fetching data from path: current/teams","timestamp":"2025-11-18T16:19:47.642Z"}
{"level":"info","message":"[F1 API] request -> https://f1api.dev/api/current/teams","timestamp":"2025-11-18T16:19:47.642Z"}
{"level":"info","message":"[F1 API] Fetching data from path: current/drivers","timestamp":"2025-11-18T16:20:40.315Z"}
{"level":"info","message":"[F1 API] request -> https://f1api.dev/api/current/drivers","timestamp":"2025-11-18T16:20:40.317Z"}
{"level":"info","message":"[F1 API] Fetching data from path: current/teams","timestamp":"2025-11-18T16:20:40.336Z"}
{"level":"info","message":"[F1 API] request -> https://f1api.dev/api/current/teams","timestamp":"2025-11-18T16:20:40.342Z"}
{"level":"info","message":"[F1 API] Fetching data from path: current/teams","timestamp":"2025-11-18T16:22:07.379Z"}
{"level":"info","message":"[F1 API] request -> https://f1api.dev/api/current/teams","timestamp":"2025-11-18T16:22:07.380Z"}
{"level":"info","message":"[F1 API] Fetching data from path: current/drivers","timestamp":"2025-11-18T16:22:07.385Z"}
{"level":"info","message":"[F1 API] request -> https://f1api.dev/api/current/drivers","timestamp":"2025-11-18T16:22:07.385Z"}
{"level":"info","message":"[F1 API] Fetching data from path: current/drivers","timestamp":"2025-11-18T16:24:11.739Z"}
{"level":"info","message":"[F1 API] request -> https://f1api.dev/api/current/drivers","timestamp":"2025-11-18T16:24:11.739Z"}
{"level":"info","message":"[F1 API] Fetching data from path: current/teams","timestamp":"2025-11-18T16:24:11.742Z"}
{"level":"info","message":"[F1 API] request -> https://f1api.dev/api/current/teams","timestamp":"2025-11-18T16:24:11.744Z"}
{"level":"info","message":"Shutting down...","timestamp":"2025-11-18T16:24:47.867Z"}
{"level":"info","message":"Server is running on port 4200","timestamp":"2025-11-19T04:12:33.137Z"}
{"level":"info","message":"[F1 API] Fetching data from path: current/drivers","timestamp":"2025-11-19T04:13:48.610Z"}
{"level":"info","message":"[F1 API] request -> https://f1api.dev/api/current/drivers","timestamp":"2025-11-19T04:13:48.611Z"}
{"level":"info","message":"[F1 API] Fetching data from path: current/teams","timestamp":"2025-11-19T04:13:48.644Z"}
{"level":"info","message":"[F1 API] request -> https://f1api.dev/api/current/teams","timestamp":"2025-11-19T04:13:48.644Z"}
{"level":"info","message":"[F1 API] Fetching data from path: current/drivers/piastri","timestamp":"2025-11-19T04:13:51.547Z"}
{"level":"info","message":"[F1 API] request -> https://f1api.dev/api/current/drivers/piastri","timestamp":"2025-11-19T04:13:51.547Z"}
{"level":"info","message":"[F1 API] Fetching data from path: current/drivers/piastri","timestamp":"2025-11-19T04:14:01.576Z"}
{"level":"info","message":"[F1 API] request -> https://f1api.dev/api/current/drivers/piastri","timestamp":"2025-11-19T04:14:01.577Z"}
{"level":"info","message":"[F1 API] Fetching data from path: current/drivers/antonelli","timestamp":"2025-11-19T04:14:05.918Z"}
{"level":"info","message":"[F1 API] request -> https://f1api.dev/api/current/drivers/antonelli","timestamp":"2025-11-19T04:14:05.919Z"}
{"level":"info","message":"[F1 API] Fetching data from path: current/drivers","timestamp":"2025-11-19T04:14:12.328Z"}
{"level":"info","message":"[F1 API] request -> https://f1api.dev/api/current/drivers","timestamp":"2025-11-19T04:14:12.329Z"}
{"level":"info","message":"[F1 API] Fetching data from path: current/teams","timestamp":"2025-11-19T04:14:12.334Z"}
{"level":"info","message":"[F1 API] request -> https://f1api.dev/api/current/teams","timestamp":"2025-11-19T04:14:12.334Z"}
{"level":"info","message":"[F1 API] Fetching data from path: current/drivers/alonso","timestamp":"2025-11-19T04:14:16.754Z"}
{"level":"info","message":"[F1 API] request -> https://f1api.dev/api/current/drivers/alonso","timestamp":"2025-11-19T04:14:16.754Z"}
{"level":"info","message":"[F1 API] Fetching data from path: current/teams/aston_martin","timestamp":"2025-11-19T04:14:23.251Z"}
{"level":"info","message":"[F1 API] request -> https://f1api.dev/api/current/teams/aston_martin","timestamp":"2025-11-19T04:14:23.252Z"}
{"level":"info","message":"[F1 API] Fetching data from path: current/drivers","timestamp":"2025-11-19T04:14:33.506Z"}
{"level":"info","message":"[F1 API] request -> https://f1api.dev/api/current/drivers","timestamp":"2025-11-19T04:14:33.506Z"}
{"level":"info","message":"[F1 API] Fetching data from path: current/teams","timestamp":"2025-11-19T04:14:33.509Z"}
{"level":"info","message":"[F1 API] request -> https://f1api.dev/api/current/teams","timestamp":"2025-11-19T04:14:33.509Z"}
{"level":"info","message":"[F1 API] Fetching data from path: current/drivers/bortoleto","timestamp":"2025-11-19T04:14:35.855Z"}
{"level":"info","message":"[F1 API] request -> https://f1api.dev/api/current/drivers/bortoleto","timestamp":"2025-11-19T04:14:35.855Z"}
{"level":"info","message":"[F1 API] Fetching data from path: current/drivers/piastri","timestamp":"2025-11-19T04:14:42.190Z"}
{"level":"info","message":"[F1 API] request -> https://f1api.dev/api/current/drivers/piastri","timestamp":"2025-11-19T04:14:42.191Z"}
{"level":"info","message":"[F1 API] Fetching data from path: current/teams/mclaren","timestamp":"2025-11-19T04:14:51.263Z"}
{"level":"info","message":"[F1 API] request -> https://f1api.dev/api/current/teams/mclaren","timestamp":"2025-11-19T04:14:51.264Z"}
{"level":"info","message":"[F1 API] Fetching data from path: current/drivers","timestamp":"2025-11-19T04:15:03.631Z"}
{"level":"info","message":"[F1 API] request -> https://f1api.dev/api/current/drivers","timestamp":"2025-11-19T04:15:03.632Z"}
{"level":"info","message":"[F1 API] Fetching data from path: current/teams","timestamp":"2025-11-19T04:15:03.634Z"}
{"level":"info","message":"[F1 API] request -> https://f1api.dev/api/current/teams","timestamp":"2025-11-19T04:15:03.634Z"}
{"level":"info","message":"[F1 API] Fetching data from path: current/drivers","timestamp":"2025-11-19T04:15:06.358Z"}
{"level":"info","message":"[F1 API] request -> https://f1api.dev/api/current/drivers","timestamp":"2025-11-19T04:15:06.358Z"}
{"level":"info","message":"[F1 API] Fetching data from path: current/teams","timestamp":"2025-11-19T04:15:06.385Z"}
{"level":"info","message":"[F1 API] request -> https://f1api.dev/api/current/teams","timestamp":"2025-11-19T04:15:06.386Z"}
{"level":"info","message":"[F1 API] Fetching data from path: current/teams/mercedes","timestamp":"2025-11-19T04:15:09.613Z"}
{"level":"info","message":"[F1 API] request -> https://f1api.dev/api/current/teams/mercedes","timestamp":"2025-11-19T04:15:09.614Z"}
{"level":"info","message":"[F1 API] Fetching data from path: current/teams/ferrari","timestamp":"2025-11-19T04:15:17.348Z"}
{"level":"info","message":"[F1 API] request -> https://f1api.dev/api/current/teams/ferrari","timestamp":"2025-11-19T04:15:17.349Z"}
{"level":"info","message":"[F1 API] Fetching data from path: current/teams/williams","timestamp":"2025-11-19T04:15:23.797Z"}
{"level":"info","message":"[F1 API] request -> https://f1api.dev/api/current/teams/williams","timestamp":"2025-11-19T04:15:23.798Z"}
{"level":"info","message":"[F1 API] Fetching data from path: current/drivers/albon","timestamp":"2025-11-19T04:15:26.976Z"}
{"level":"info","message":"[F1 API] request -> https://f1api.dev/api/current/drivers/albon","timestamp":"2025-11-19T04:15:26.977Z"}
{"level":"info","message":"[F1 API] Fetching data from path: current/teams/williams","timestamp":"2025-11-19T04:15:29.798Z"}
{"level":"info","message":"[F1 API] request -> https://f1api.dev/api/current/teams/williams","timestamp":"2025-11-19T04:15:29.799Z"}
{"level":"info","message":"[F1 API] Fetching data from path: current/drivers/albon","timestamp":"2025-11-19T04:15:32.075Z"}
{"level":"info","message":"[F1 API] request -> https://f1api.dev/api/current/drivers/albon","timestamp":"2025-11-19T04:15:32.076Z"}
{"level":"info","message":"[F1 API] Fetching data from path: current/teams/williams","timestamp":"2025-11-19T04:15:33.700Z"}
{"level":"info","message":"[F1 API] request -> https://f1api.dev/api/current/teams/williams","timestamp":"2025-11-19T04:15:33.701Z"}
{"level":"info","message":"[F1 API] Fetching data from path: current/drivers/sainz","timestamp":"2025-11-19T04:15:36.396Z"}
{"level":"info","message":"[F1 API] request -> https://f1api.dev/api/current/drivers/sainz","timestamp":"2025-11-19T04:15:36.397Z"}
{"level":"info","message":"[F1 API] Fetching data from path: current/drivers","timestamp":"2025-11-19T04:15:43.909Z"}
{"level":"info","message":"[F1 API] request -> https://f1api.dev/api/current/drivers","timestamp":"2025-11-19T04:15:43.909Z"}
{"level":"info","message":"[F1 API] Fetching data from path: current/teams","timestamp":"2025-11-19T04:15:43.911Z"}
{"level":"info","message":"[F1 API] request -> https://f1api.dev/api/current/teams","timestamp":"2025-11-19T04:15:43.911Z"}
{"level":"info","message":"[F1 API] Fetching data from path: current/drivers","timestamp":"2025-11-19T04:15:51.235Z"}
{"level":"info","message":"[F1 API] request -> https://f1api.dev/api/current/drivers","timestamp":"2025-11-19T04:15:51.236Z"}
{"level":"info","message":"[F1 API] Fetching data from path: current/teams","timestamp":"2025-11-19T04:15:51.238Z"}
{"level":"info","message":"[F1 API] request -> https://f1api.dev/api/current/teams","timestamp":"2025-11-19T04:15:51.238Z"}
{"level":"info","message":"[F1 API] Fetching data from path: current/drivers/hamilton","timestamp":"2025-11-19T04:15:54.002Z"}
{"level":"info","message":"[F1 API] request -> https://f1api.dev/api/current/drivers/hamilton","timestamp":"2025-11-19T04:15:54.002Z"}
{"level":"info","message":"[F1 API] Fetching data from path: current/teams/ferrari","timestamp":"2025-11-19T04:15:58.302Z"}
{"level":"info","message":"[F1 API] request -> https://f1api.dev/api/current/teams/ferrari","timestamp":"2025-11-19T04:15:58.303Z"}
{"level":"info","message":"[F1 API] Fetching data from path: current/drivers","timestamp":"2025-11-19T04:16:03.232Z"}
{"level":"info","message":"[F1 API] request -> https://f1api.dev/api/current/drivers","timestamp":"2025-11-19T04:16:03.233Z"}
{"level":"info","message":"[F1 API] Fetching data from path: current/teams","timestamp":"2025-11-19T04:16:03.235Z"}
{"level":"info","message":"[F1 API] request -> https://f1api.dev/api/current/teams","timestamp":"2025-11-19T04:16:03.235Z"}
{"level":"info","message":"[F1 API] Fetching data from path: current/teams","timestamp":"2025-11-19T04:16:19.688Z"}
{"level":"info","message":"[F1 API] request -> https://f1api.dev/api/current/teams","timestamp":"2025-11-19T04:16:19.688Z"}
{"level":"info","message":"[F1 API] Fetching data from path: current/drivers","timestamp":"2025-11-19T04:16:19.921Z"}
{"level":"info","message":"[F1 API] request -> https://f1api.dev/api/current/drivers","timestamp":"2025-11-19T04:16:19.921Z"}
{"level":"info","message":"[F1 API] Fetching data from path: current/teams/mclaren","timestamp":"2025-11-19T04:16:24.620Z"}
{"level":"info","message":"[F1 API] request -> https://f1api.dev/api/current/teams/mclaren","timestamp":"2025-11-19T04:16:24.621Z"}
{"level":"info","message":"[F1 API] Fetching data from path: current/teams","timestamp":"2025-11-19T04:16:34.778Z"}
{"level":"info","message":"[F1 API] request -> https://f1api.dev/api/current/teams","timestamp":"2025-11-19T04:16:34.779Z"}
{"level":"info","message":"[F1 API] Fetching data from path: current/drivers","timestamp":"2025-11-19T04:16:34.781Z"}
{"level":"info","message":"[F1 API] request -> https://f1api.dev/api/current/drivers","timestamp":"2025-11-19T04:16:34.781Z"}
{"level":"info","message":"[F1 API] Fetching data from path: current/drivers/max_verstappen","timestamp":"2025-11-19T04:16:39.618Z"}
{"level":"info","message":"[F1 API] request -> https://f1api.dev/api/current/drivers/max_verstappen","timestamp":"2025-11-19T04:16:39.618Z"}
{"level":"info","message":"[F1 API] Fetching data from path: current/drivers","timestamp":"2025-11-19T04:16:54.370Z"}
{"level":"info","message":"[F1 API] request -> https://f1api.dev/api/current/drivers","timestamp":"2025-11-19T04:16:54.370Z"}
{"level":"info","message":"[F1 API] Fetching data from path: current/teams","timestamp":"2025-11-19T04:16:54.373Z"}
{"level":"info","message":"[F1 API] request -> https://f1api.dev/api/current/teams","timestamp":"2025-11-19T04:16:54.373Z"}
{"level":"info","message":"[F1 API] Fetching data from path: current/teams/mclaren","timestamp":"2025-11-19T04:16:56.571Z"}
{"level":"info","message":"[F1 API] request -> https://f1api.dev/api/current/teams/mclaren","timestamp":"2025-11-19T04:16:56.572Z"}
{"level":"info","message":"Shutting down...","timestamp":"2025-11-19T04:17:17.944Z"}
{"level":"info","message":"Server is running on port 4200","timestamp":"2025-11-19T07:45:35.678Z"}
{"level":"info","message":"[F1 API] Fetching data from path: current/drivers","timestamp":"2025-11-19T07:54:03.898Z"}
{"level":"info","message":"[F1 API] request -> https://f1api.dev/api/current/drivers","timestamp":"2025-11-19T07:54:03.899Z"}
{"level":"info","message":"[F1 API] Fetching data from path: current/teams","timestamp":"2025-11-19T07:54:03.970Z"}
{"level":"info","message":"[F1 API] request -> https://f1api.dev/api/current/teams","timestamp":"2025-11-19T07:54:03.970Z"}
{"level":"info","message":"[F1 API] Fetching data from path: current/drivers/sainz","timestamp":"2025-11-19T07:54:10.345Z"}
{"level":"info","message":"[F1 API] request -> https://f1api.dev/api/current/drivers/sainz","timestamp":"2025-11-19T07:54:10.346Z"}
{"level":"info","message":"[F1 API] Fetching data from path: current/drivers","timestamp":"2025-11-19T07:55:08.767Z"}
{"level":"info","message":"[F1 API] request -> https://f1api.dev/api/current/drivers","timestamp":"2025-11-19T07:55:08.768Z"}
{"level":"info","message":"[F1 API] Fetching data from path: current/teams","timestamp":"2025-11-19T07:55:08.770Z"}
{"level":"info","message":"[F1 API] request -> https://f1api.dev/api/current/teams","timestamp":"2025-11-19T07:55:08.770Z"}
{"level":"info","message":"[F1 API] Fetching data from path: current/teams/mclaren","timestamp":"2025-11-19T07:55:13.297Z"}
{"level":"info","message":"[F1 API] request -> https://f1api.dev/api/current/teams/mclaren","timestamp":"2025-11-19T07:55:13.298Z"}
{"level":"info","message":"[F1 API] Fetching data from path: current/drivers","timestamp":"2025-11-19T07:55:53.539Z"}
{"level":"info","message":"[F1 API] request -> https://f1api.dev/api/current/drivers","timestamp":"2025-11-19T07:55:53.540Z"}
{"level":"info","message":"[F1 API] Fetching data from path: current/teams","timestamp":"2025-11-19T07:55:53.542Z"}
{"level":"info","message":"[F1 API] request -> https://f1api.dev/api/current/teams","timestamp":"2025-11-19T07:55:53.543Z"}
{"level":"info","message":"[F1 API] Fetching data from path: current/drivers/norris","timestamp":"2025-11-19T07:56:26.372Z"}
{"level":"info","message":"[F1 API] request -> https://f1api.dev/api/current/drivers/norris","timestamp":"2025-11-19T07:56:26.373Z"}
{"level":"info","message":"[F1 API] Fetching data from path: current/teams/mclaren","timestamp":"2025-11-19T07:56:42.902Z"}
{"level":"info","message":"[F1 API] request -> https://f1api.dev/api/current/teams/mclaren","timestamp":"2025-11-19T07:56:42.903Z"}
{"level":"info","message":"[F1 API] Fetching data from path: current/drivers/norris","timestamp":"2025-11-19T07:56:48.056Z"}
{"level":"info","message":"[F1 API] request -> https://f1api.dev/api/current/drivers/norris","timestamp":"2025-11-19T07:56:48.057Z"}
{"level":"info","message":"[F1 API] Fetching data from path: current/drivers","timestamp":"2025-11-19T07:57:00.942Z"}
{"level":"info","message":"[F1 API] request -> https://f1api.dev/api/current/drivers","timestamp":"2025-11-19T07:57:00.943Z"}
{"level":"info","message":"[F1 API] Fetching data from path: current/teams","timestamp":"2025-11-19T07:57:00.948Z"}
{"level":"info","message":"[F1 API] request -> https://f1api.dev/api/current/teams","timestamp":"2025-11-19T07:57:00.949Z"}
{"level":"info","message":"[F1 API] Fetching data from path: current/drivers/leclerc","timestamp":"2025-11-19T07:57:05.133Z"}
{"level":"info","message":"[F1 API] request -> https://f1api.dev/api/current/drivers/leclerc","timestamp":"2025-11-19T07:57:05.134Z"}
{"level":"info","message":"[F1 API] Fetching data from path: current/teams/ferrari","timestamp":"2025-11-19T07:57:08.875Z"}
{"level":"info","message":"[F1 API] request -> https://f1api.dev/api/current/teams/ferrari","timestamp":"2025-11-19T07:57:08.876Z"}
{"level":"info","message":"[F1 API] Fetching data from path: current/drivers/leclerc","timestamp":"2025-11-19T07:57:12.178Z"}
{"level":"info","message":"[F1 API] request -> https://f1api.dev/api/current/drivers/leclerc","timestamp":"2025-11-19T07:57:12.178Z"}
{"level":"info","message":"[F1 API] Fetching data from path: current/teams/red_bull","timestamp":"2025-11-19T07:57:18.159Z"}
{"level":"info","message":"[F1 API] request -> https://f1api.dev/api/current/teams/red_bull","timestamp":"2025-11-19T07:57:18.160Z"}
{"level":"info","message":"[F1 API] Fetching data from path: current/teams/red_bull","timestamp":"2025-11-19T07:57:23.806Z"}
{"level":"info","message":"[F1 API] request -> https://f1api.dev/api/current/teams/red_bull","timestamp":"2025-11-19T07:57:23.807Z"}
{"level":"info","message":"[F1 API] Fetching data from path: current/drivers","timestamp":"2025-11-19T07:58:17.836Z"}
{"level":"info","message":"[F1 API] request -> https://f1api.dev/api/current/drivers","timestamp":"2025-11-19T07:58:17.838Z"}
{"level":"info","message":"[F1 API] Fetching data from path: current/teams","timestamp":"2025-11-19T07:58:17.840Z"}
{"level":"info","message":"[F1 API] request -> https://f1api.dev/api/current/teams","timestamp":"2025-11-19T07:58:17.841Z"}
{"level":"info","message":"Shutting down...","timestamp":"2025-11-19T08:01:17.902Z"}
{"level":"info","message":"Server is running on port 4200","timestamp":"2025-11-26T07:08:54.036Z"}
{"level":"info","message":"Shutting down...","timestamp":"2025-11-26T07:15:02.751Z"}
{"level":"info","message":"Server is running on port 4200","timestamp":"2025-11-26T07:15:06.018Z"}
{"level":"info","message":"[F1 API] Fetching data from path: current/drivers","timestamp":"2025-11-26T07:15:19.829Z"}
{"level":"info","message":"[F1 API] request -> https://f1api.dev/api/current/drivers","timestamp":"2025-11-26T07:15:19.830Z"}
{"level":"info","message":"[F1 API] Fetching data from path: current/teams","timestamp":"2025-11-26T07:15:19.859Z"}
{"level":"info","message":"[F1 API] request -> https://f1api.dev/api/current/teams","timestamp":"2025-11-26T07:15:19.860Z"}
{"level":"info","message":"[F1 API] Fetching data from path: current/teams/ferrari","timestamp":"2025-11-26T07:15:24.865Z"}
{"level":"info","message":"[F1 API] request -> https://f1api.dev/api/current/teams/ferrari","timestamp":"2025-11-26T07:15:24.866Z"}
{"level":"info","message":"[F1 API] Fetching data from path: current/drivers/hamilton","timestamp":"2025-11-26T07:15:39.924Z"}
{"level":"info","message":"[F1 API] request -> https://f1api.dev/api/current/drivers/hamilton","timestamp":"2025-11-26T07:15:39.924Z"}
{"level":"info","message":"[F1 API] Fetching data from path: current/teams/ferrari","timestamp":"2025-11-26T07:15:47.962Z"}
{"level":"info","message":"[F1 API] request -> https://f1api.dev/api/current/teams/ferrari","timestamp":"2025-11-26T07:15:47.962Z"}
{"level":"info","message":"[F1 API] Fetching data from path: current/teams","timestamp":"2025-11-26T07:16:06.841Z"}
{"level":"info","message":"[F1 API] request -> https://f1api.dev/api/current/teams","timestamp":"2025-11-26T07:16:06.841Z"}
{"level":"info","message":"[F1 API] Fetching data from path: current/drivers","timestamp":"2025-11-26T07:16:06.844Z"}
{"level":"info","message":"[F1 API] request -> https://f1api.dev/api/current/drivers","timestamp":"2025-11-26T07:16:06.844Z"}
{"level":"info","message":"[F1 API] Fetching data from path: current/drivers/stroll","timestamp":"2025-11-26T07:16:24.683Z"}
{"level":"info","message":"[F1 API] request -> https://f1api.dev/api/current/drivers/stroll","timestamp":"2025-11-26T07:16:24.684Z"}
{"level":"info","message":"Shutting down...","timestamp":"2025-11-26T07:17:28.019Z"}
{"level":"info","message":"Server is running on port 4200","timestamp":"2025-11-26T07:18:53.063Z"}
{"level":"info","message":"[F1 API] Fetching data from path: current/drivers","timestamp":"2025-11-26T07:20:36.050Z"}
{"level":"info","message":"[F1 API] request -> https://f1api.dev/api/current/drivers","timestamp":"2025-11-26T07:20:36.051Z"}
{"level":"info","message":"[F1 API] Fetching data from path: current/teams","timestamp":"2025-11-26T07:20:36.080Z"}
{"level":"info","message":"[F1 API] request -> https://f1api.dev/api/current/teams","timestamp":"2025-11-26T07:20:36.081Z"}
{"level":"info","message":"[F1 API] Fetching data from path: current/drivers/piastri","timestamp":"2025-11-26T07:20:43.125Z"}
{"level":"info","message":"[F1 API] request -> https://f1api.dev/api/current/drivers/piastri","timestamp":"2025-11-26T07:20:43.126Z"}
{"level":"info","message":"[F1 API] Fetching data from path: current/drivers","timestamp":"2025-11-26T07:23:04.315Z"}
{"level":"info","message":"[F1 API] request -> https://f1api.dev/api/current/drivers","timestamp":"2025-11-26T07:23:04.316Z"}
{"level":"info","message":"[F1 API] Fetching data from path: current/teams","timestamp":"2025-11-26T07:23:04.324Z"}
{"level":"info","message":"[F1 API] request -> https://f1api.dev/api/current/teams","timestamp":"2025-11-26T07:23:04.324Z"}
{"level":"info","message":"[F1 API] Fetching data from path: current/drivers","timestamp":"2025-11-26T07:23:33.928Z"}
{"level":"info","message":"[F1 API] request -> https://f1api.dev/api/current/drivers","timestamp":"2025-11-26T07:23:33.928Z"}
{"level":"info","message":"[F1 API] Fetching data from path: current/teams","timestamp":"2025-11-26T07:23:33.933Z"}
{"level":"info","message":"[F1 API] request -> https://f1api.dev/api/current/teams","timestamp":"2025-11-26T07:23:33.933Z"}
